Start testing: Jan 04 00:06 CET
----------------------------------------------------------
1/5 Testing: testBoundaryConditions
1/5 Test: testBoundaryConditions
Command: "/Users/timou/desktop/BlackScholesPDE/BlackScholesPDE/build/testBoundaryConditions"
Directory: /Users/timou/desktop/BlackScholesPDE/BlackScholesPDE/build
"testBoundaryConditions" start time: Jan 04 00:06 CET
Output:
----------------------------------------------------------
Crank-Nicholson Scheme's price: 0
Crank-Nicholson Scheme's delta: 0
Crank-Nicholson Scheme's gamma: 0
Crank-Nicholson Scheme's theta: 0
Crank-Nicholson Scheme's vega: 0

Black Scholes closed form's price: 200.434
Black Scholes closed form's delta: 0.976932
Black Scholes closed form's gamma: 0.000206552
Black Scholes closed form's theta: -2.42297
Black Scholes closed form's vega: 76.0371
<end of output>
Test time =   0.18 sec
----------------------------------------------------------
Test Passed.
"testBoundaryConditions" end time: Jan 04 00:06 CET
"testBoundaryConditions" time elapsed: 00:00:00
----------------------------------------------------------

2/5 Testing: testFuncMesh
2/5 Test: testFuncMesh
Command: "/Users/timou/desktop/BlackScholesPDE/BlackScholesPDE/build/testFuncMesh"
Directory: /Users/timou/desktop/BlackScholesPDE/BlackScholesPDE/build
"testFuncMesh" start time: Jan 04 00:06 CET
Output:
----------------------------------------------------------
Crank-Nicholson Scheme's price: 0
Crank-Nicholson Scheme's delta: 0
Crank-Nicholson Scheme's gamma: 0
Crank-Nicholson Scheme's theta: 0
Crank-Nicholson Scheme's vega: 0

Black Scholes closed form's price: 200.434
Black Scholes closed form's delta: 0.976932
Black Scholes closed form's gamma: 0.000206552
Black Scholes closed form's theta: -2.42297
Black Scholes closed form's vega: 76.0371
<end of output>
Test time =   0.18 sec
----------------------------------------------------------
Test Passed.
"testFuncMesh" end time: Jan 04 00:06 CET
"testFuncMesh" time elapsed: 00:00:00
----------------------------------------------------------

3/5 Testing: testItoDynamics
3/5 Test: testItoDynamics
Command: "/Users/timou/desktop/BlackScholesPDE/BlackScholesPDE/build/testItoDynamics"
Directory: /Users/timou/desktop/BlackScholesPDE/BlackScholesPDE/build
"testItoDynamics" start time: Jan 04 00:06 CET
Output:
----------------------------------------------------------
Crank-Nicholson Scheme's price: 0
Crank-Nicholson Scheme's delta: 0
Crank-Nicholson Scheme's gamma: 0
Crank-Nicholson Scheme's theta: 0
Crank-Nicholson Scheme's vega: 0

Black Scholes closed form's price: 200.434
Black Scholes closed form's delta: 0.976932
Black Scholes closed form's gamma: 0.000206552
Black Scholes closed form's theta: -2.42297
Black Scholes closed form's vega: 76.0371
<end of output>
Test time =   0.17 sec
----------------------------------------------------------
Test Passed.
"testItoDynamics" end time: Jan 04 00:06 CET
"testItoDynamics" time elapsed: 00:00:00
----------------------------------------------------------

4/5 Testing: testItoProcess
4/5 Test: testItoProcess
Command: "/Users/timou/desktop/BlackScholesPDE/BlackScholesPDE/build/testItoProcess"
Directory: /Users/timou/desktop/BlackScholesPDE/BlackScholesPDE/build
"testItoProcess" start time: Jan 04 00:06 CET
Output:
----------------------------------------------------------
Crank-Nicholson Scheme's price: 0
Crank-Nicholson Scheme's delta: 0
Crank-Nicholson Scheme's gamma: 0
Crank-Nicholson Scheme's theta: 0
Crank-Nicholson Scheme's vega: 0

Black Scholes closed form's price: 200.434
Black Scholes closed form's delta: 0.976932
Black Scholes closed form's gamma: 0.000206552
Black Scholes closed form's theta: -2.42297
Black Scholes closed form's vega: 76.0371
<end of output>
Test time =   0.18 sec
----------------------------------------------------------
Test Passed.
"testItoProcess" end time: Jan 04 00:06 CET
"testItoProcess" time elapsed: 00:00:00
----------------------------------------------------------

5/5 Testing: testSpaceTimeMesh
5/5 Test: testSpaceTimeMesh
Command: "/Users/timou/desktop/BlackScholesPDE/BlackScholesPDE/build/testSpaceTimeMesh"
Directory: /Users/timou/desktop/BlackScholesPDE/BlackScholesPDE/build
"testSpaceTimeMesh" start time: Jan 04 00:06 CET
Output:
----------------------------------------------------------
Crank-Nicholson Scheme's price: 0
Crank-Nicholson Scheme's delta: 0
Crank-Nicholson Scheme's gamma: 0
Crank-Nicholson Scheme's theta: 0
Crank-Nicholson Scheme's vega: 0

Black Scholes closed form's price: 200.434
Black Scholes closed form's delta: 0.976932
Black Scholes closed form's gamma: 0.000206552
Black Scholes closed form's theta: -2.42297
Black Scholes closed form's vega: 76.0371
<end of output>
Test time =   0.18 sec
----------------------------------------------------------
Test Passed.
"testSpaceTimeMesh" end time: Jan 04 00:06 CET
"testSpaceTimeMesh" time elapsed: 00:00:00
----------------------------------------------------------

End testing: Jan 04 00:06 CET
